[2026-04-09 12:41:03] r/nba | get_pages: list indices must be integers or slices, not str
[2026-04-09 12:41:05] r/soccer | get_pages: list indices must be integers or slices, not str
[2026-04-09 12:41:08] r/hockey | get_pages: list indices must be integers or slices, not str
[2026-04-09 12:46:27] r/nba | documentaries: 429 Client Error: Too Many Requests for url: https://www.reddit.com/r/nba/wiki/documentaries.json
[2026-04-09 12:46:29] r/nba | faq: 429 Client Error: Too Many Requests for url: https://www.reddit.com/r/nba/wiki/faq.json
[2026-04-09 12:46:31] r/nba | faqs: 429 Client Error: Too Many Requests for url: https://www.reddit.com/r/nba/wiki/faqs.json
[2026-04-09 12:46:34] r/nba | game_thread_generator: 429 Client Error: Too Many Requests for url: https://www.reddit.com/r/nba/wiki/game_thread_generator.json
[2026-04-09 12:46:36] r/nba | glossary: 429 Client Error: Too Many Requests for url: https://www.reddit.com/r/nba/wiki/glossary.json
[2026-04-09 12:46:38] r/nba | hof: 429 Client Error: Too Many Requests for url: https://www.reddit.com/r/nba/wiki/hof.json
[2026-04-09 12:46:40] r/nba | index: 429 Client Error: Too Many Requests for url: https://www.reddit.com/r/nba/wiki/index.json
[2026-04-09 12:46:42] r/nba | international_broadcast_guide: 429 Client Error: Too Many Requests for url: https://www.reddit.com/r/nba/wiki/international_broadcast_guide.json
[2026-04-09 12:46:44] r/nba | mod_faq: 429 Client Error: Too Many Requests for url: https://www.reddit.com/r/nba/wiki/mod_faq.json
[2026-04-09 12:46:47] r/nba | nba_for_beginners: 429 Client Error: Too Many Requests for url: https://www.reddit.com/r/nba/wiki/nba_for_beginners.json
[2026-04-09 12:46:49] r/nba | nba_mod: 429 Client Error: Too Many Requests for url: https://www.reddit.com/r/nba/wiki/nba_mod.json
[2026-04-09 12:46:51] r/nba | notableposts: 429 Client Error: Too Many Requests for url: https://www.reddit.com/r/nba/wiki/notableposts.json
[2026-04-09 12:46:53] r/nba | podcasts: 429 Client Error: Too Many Requests for url: https://www.reddit.com/r/nba/wiki/podcasts.json
[2026-04-09 12:46:55] r/nba | post_series: 429 Client Error: Too Many Requests for url: https://www.reddit.com/r/nba/wiki/post_series.json
[2026-04-09 12:46:58] r/nba | postgame_thread_generator: 429 Client Error: Too Many Requests for url: https://www.reddit.com/r/nba/wiki/postgame_thread_generator.json
[2026-04-09 12:47:00] r/nba | related_subreddits: 429 Client Error: Too Many Requests for url: https://www.reddit.com/r/nba/wiki/related_subreddits.json
[2026-04-09 12:47:02] r/nba | resources: 429 Client Error: Too Many Requests for url: https://www.reddit.com/r/nba/wiki/resources.json
[2026-04-09 12:47:04] r/nba | rules: 429 Client Error: Too Many Requests for url: https://www.reddit.com/r/nba/wiki/rules.json
[2026-04-09 12:47:06] r/nba | rules_draft: 429 Client Error: Too Many Requests for url: https://www.reddit.com/r/nba/wiki/rules_draft.json
[2026-04-09 12:47:08] r/nba | schedule_2014-2015: 429 Client Error: Too Many Requests for url: https://www.reddit.com/r/nba/wiki/schedule_2014-2015.json
[2026-04-09 12:47:11] r/nba | schedule_2015-2016: 429 Client Error: Too Many Requests for url: https://www.reddit.com/r/nba/wiki/schedule_2015-2016.json
[2026-04-09 12:47:13] r/nba | schedule_backup: 429 Client Error: Too Many Requests for url: https://www.reddit.com/r/nba/wiki/schedule_backup.json
[2026-04-09 12:47:15] r/nba | stats: 429 Client Error: Too Many Requests for url: https://www.reddit.com/r/nba/wiki/stats.json
[2026-04-09 12:47:17] r/soccer | get_pages: 429 Client Error: Too Many Requests for url: https://www.reddit.com/r/soccer/wiki/pages/.json
[2026-04-09 12:47:19] r/hockey | get_pages: 429 Client Error: Too Many Requests for url: https://www.reddit.com/r/hockey/wiki/pages/.json
